11/14/2018 10:19:34 PM,INFO,Program Starting
11/14/2018 10:19:45 PM,DEBUG,getPoster TITLE: Avatar URL:https://images-na.ssl-images-amazon.com/images/M/MV5BMTYwOTEwNjAzMl5BMl5BanBnXkFtZTcwODc5MTUwMw@@._V1_SX300.jpg
11/14/2018 10:20:08 PM,ERROR,Gone with the Wind not in moviesJSON
11/14/2018 10:20:08 PM,DEBUG,getPoster TITLE: Gone with the Wind URL:None
11/14/2018 10:20:19 PM,DEBUG,getPoster TITLE: Iron Man URL:https://images-na.ssl-images-amazon.com/images/M/MV5BMTczNTI2ODUwOF5BMl5BanBnXkFtZTcwMTU0NTIzMw@@._V1_SX300.jpg
11/14/2018 10:20:34 PM,INFO,Program Terminated
11/16/2018 03:54:19 AM,INFO,Program Starting
11/16/2018 03:54:29 AM,DEBUG,getPoster TITLE: Avatar URL:https://images-na.ssl-images-amazon.com/images/M/MV5BMTYwOTEwNjAzMl5BMl5BanBnXkFtZTcwODc5MTUwMw@@._V1_SX300.jpg
11/16/2018 03:54:38 AM,ERROR,Titanic not in moviesJSON
11/16/2018 03:54:38 AM,DEBUG,getPoster TITLE: Titanic URL:None
11/16/2018 03:54:56 AM,ERROR,House of Flying Daggers not in moviesJSON
11/16/2018 03:54:56 AM,DEBUG,getPoster TITLE: House of Flying Daggers URL:None
11/16/2018 03:55:19 AM,ERROR,Lion King not in moviesJSON
11/16/2018 03:55:19 AM,ERROR,Movie Not in Database Lion King
11/16/2018 03:55:20 AM,ERROR,Lion King not in moviesJSON
11/16/2018 03:55:20 AM,ERROR,Movie Not in Database Lion King
11/16/2018 03:55:25 AM,ERROR,Toy Story not in moviesJSON
11/16/2018 03:55:25 AM,DEBUG,getPoster TITLE: Toy Story URL:None
11/16/2018 03:55:33 AM,ERROR,Toy Story II not in moviesJSON
11/16/2018 03:55:33 AM,ERROR,Movie Not in Database Toy Story II
11/16/2018 03:55:39 AM,ERROR,Toy Story III not in moviesJSON
11/16/2018 03:55:39 AM,ERROR,Movie Not in Database Toy Story III
11/16/2018 03:55:42 AM,ERROR,Toy Story IV not in moviesJSON
11/16/2018 03:55:42 AM,ERROR,Movie Not in Database Toy Story IV
11/16/2018 03:55:50 AM,ERROR,Frozen not in moviesJSON
11/16/2018 03:55:50 AM,DEBUG,getPoster TITLE: Frozen URL:None
11/16/2018 03:56:01 AM,ERROR,The Incredibles not in moviesJSON
11/16/2018 03:56:01 AM,DEBUG,getPoster TITLE: The Incredibles URL:None
11/16/2018 03:56:08 AM,ERROR,Frozen not in moviesJSON
11/16/2018 03:56:08 AM,DEBUG,getPoster TITLE: Frozen URL:None
11/16/2018 03:56:20 AM,ERROR,Little Mermaid not in moviesJSON
11/16/2018 03:56:20 AM,ERROR,Movie Not in Database Little Mermaid
11/16/2018 03:56:35 AM,ERROR,Harry Potter and the Goblet of Fire not in moviesJSON
11/16/2018 03:56:35 AM,DEBUG,getPoster TITLE: Harry Potter and the Goblet of Fire URL:None
11/16/2018 03:56:50 AM,ERROR,Harry Potter and the Philosopher's Stone not in moviesJSON
11/16/2018 03:56:50 AM,DEBUG,getPoster TITLE: Harry Potter and the Philosopher's Stone URL:None
11/16/2018 03:57:08 AM,ERROR,Harry Potter and the Order of Phoenix not in moviesJSON
11/16/2018 03:57:08 AM,ERROR,Movie Not in Database Harry Potter and the Order of Phoenix
11/16/2018 03:57:20 AM,ERROR,Harry Potter and the Deathly Hollow not in moviesJSON
11/16/2018 03:57:20 AM,ERROR,Movie Not in Database Harry Potter and the Deathly Hollow
11/16/2018 03:57:37 AM,ERROR,Harry Potter and the Chamber of Secret not in moviesJSON
11/16/2018 03:57:37 AM,ERROR,Movie Not in Database Harry Potter and the Chamber of Secret
11/16/2018 03:57:55 AM,ERROR,Ready Player 1 not in moviesJSON
11/16/2018 03:57:55 AM,ERROR,Movie Not in Database Ready Player 1
11/16/2018 03:58:07 AM,ERROR,Mean Girls not in moviesJSON
11/16/2018 03:58:07 AM,DEBUG,getPoster TITLE: Mean Girls URL:None
11/16/2018 03:58:32 AM,ERROR,Legally Blond not in moviesJSON
11/16/2018 03:58:32 AM,ERROR,Movie Not in Database Legally Blond
11/16/2018 03:58:40 AM,ERROR,Forrest Gump not in moviesJSON
11/16/2018 03:58:40 AM,DEBUG,getPoster TITLE: Forrest Gump URL:None
11/16/2018 03:58:58 AM,ERROR,Forrest Gumps not in moviesJSON
11/16/2018 03:58:58 AM,ERROR,Movie Not in Database Forrest Gumps
11/16/2018 03:59:05 AM,DEBUG,getPoster TITLE: Clerks URL:https://ia.media-imdb.com/images/M/MV5BNzE1Njk0NmItNDhlMC00ZmFlLWI4ZTUtYTY4ZjgzNjkyMTU1XkEyXkFqcGdeQXVyMTQxNzMzNDI@._V1_SX300.jpg
11/16/2018 03:59:22 AM,ERROR,Sherlock not in moviesJSON
11/16/2018 03:59:22 AM,ERROR,Movie Not in Database Sherlock
11/16/2018 03:59:26 AM,ERROR,Sherlock Holms not in moviesJSON
11/16/2018 03:59:26 AM,ERROR,Movie Not in Database Sherlock Holms
11/16/2018 03:59:30 AM,ERROR,Sherlock Holmes not in moviesJSON
11/16/2018 03:59:30 AM,DEBUG,getPoster TITLE: Sherlock Holmes URL:None
11/16/2018 04:00:19 AM,INFO,Program Terminated
11/16/2018 04:52:08 AM,INFO,Program Starting
11/16/2018 04:52:12 AM,DEBUG,getPoster TITLE: Avatar URL:https://images-na.ssl-images-amazon.com/images/M/MV5BMTYwOTEwNjAzMl5BMl5BanBnXkFtZTcwODc5MTUwMw@@._V1_SX300.jpg
11/16/2018 04:52:36 AM,INFO,Program Terminated
11/23/2018 10:46:20 PM,INFO,Program Starting
11/23/2018 10:46:26 PM,DEBUG,getPoster TITLE: Avatar URL:https://images-na.ssl-images-amazon.com/images/M/MV5BMTYwOTEwNjAzMl5BMl5BanBnXkFtZTcwODc5MTUwMw@@._V1_SX300.jpg
11/23/2018 10:46:27 PM,INFO,Program Terminated
11/28/2018 11:26:28 PM,INFO,Program Starting
11/28/2018 11:26:34 PM,DEBUG,Starting new HTTP connection (1): www.omdbapi.com
11/28/2018 11:26:34 PM,DEBUG,http://www.omdbapi.com:80 "GET /?t=Avatar&page=1&plot=short&tomatoes=False&apikey=e1e3bf24 HTTP/1.1" 200 None
11/28/2018 11:26:52 PM,DEBUG,Starting new HTTP connection (1): www.omdbapi.com
11/28/2018 11:26:52 PM,DEBUG,http://www.omdbapi.com:80 "GET /?t=Iron+Man&page=1&plot=short&tomatoes=False&apikey=e1e3bf24 HTTP/1.1" 200 None
11/28/2018 11:27:00 PM,ERROR,Lion King not in moviesJSON
11/28/2018 11:27:00 PM,DEBUG,Starting new HTTP connection (1): www.omdbapi.com
11/28/2018 11:27:00 PM,DEBUG,http://www.omdbapi.com:80 "GET /?t=Lion+King&page=1&plot=short&tomatoes=False&apikey=e1e3bf24 HTTP/1.1" 200 None
11/28/2018 11:27:00 PM,ERROR,Movie Not in Database Lion King
11/28/2018 11:27:06 PM,ERROR,Winnie the Pooh not in moviesJSON
11/28/2018 11:27:06 PM,DEBUG,Starting new HTTP connection (1): www.omdbapi.com
11/28/2018 11:27:06 PM,DEBUG,http://www.omdbapi.com:80 "GET /?t=Winnie+the+Pooh&page=1&plot=short&tomatoes=False&apikey=e1e3bf24 HTTP/1.1" 200 None
11/28/2018 11:27:27 PM,ERROR,Gone with the Wind not in moviesJSON
11/28/2018 11:27:27 PM,DEBUG,Starting new HTTP connection (1): www.omdbapi.com
11/28/2018 11:27:27 PM,DEBUG,http://www.omdbapi.com:80 "GET /?t=Gone+with+the+Wind&page=1&plot=short&tomatoes=False&apikey=e1e3bf24 HTTP/1.1" 200 None
11/28/2018 11:28:13 PM,ERROR,Superman not in moviesJSON
11/28/2018 11:28:13 PM,DEBUG,Starting new HTTP connection (1): www.omdbapi.com
11/28/2018 11:28:13 PM,DEBUG,http://www.omdbapi.com:80 "GET /?t=Superman&page=1&plot=short&tomatoes=False&apikey=e1e3bf24 HTTP/1.1" 200 None
11/28/2018 11:28:24 PM,ERROR,Sherlock Holmes not in moviesJSON
11/28/2018 11:28:24 PM,DEBUG,Starting new HTTP connection (1): www.omdbapi.com
11/28/2018 11:28:24 PM,DEBUG,http://www.omdbapi.com:80 "GET /?t=Sherlock+Holmes&page=1&plot=short&tomatoes=False&apikey=e1e3bf24 HTTP/1.1" 200 None
11/28/2018 11:28:40 PM,DEBUG,Starting new HTTP connection (1): www.omdbapi.com
11/28/2018 11:28:40 PM,DEBUG,http://www.omdbapi.com:80 "GET /?t=Gladiator&page=1&plot=short&tomatoes=False&apikey=e1e3bf24 HTTP/1.1" 200 None
11/28/2018 11:28:49 PM,ERROR,Sherlock Holmes not in moviesJSON
11/28/2018 11:28:49 PM,DEBUG,Starting new HTTP connection (1): www.omdbapi.com
11/28/2018 11:28:49 PM,DEBUG,http://www.omdbapi.com:80 "GET /?t=Sherlock+Holmes&page=1&plot=short&tomatoes=False&apikey=e1e3bf24 HTTP/1.1" 200 None
11/28/2018 11:29:00 PM,INFO,Program Terminated
11/28/2018 11:29:27 PM,INFO,Program Starting
11/28/2018 11:29:34 PM,ERROR,Winnie the Pooh not in moviesJSON
11/28/2018 11:29:35 PM,DEBUG,Starting new HTTP connection (1): www.omdbapi.com
11/28/2018 11:29:35 PM,DEBUG,http://www.omdbapi.com:80 "GET /?t=Winnie+the+Pooh&page=1&plot=short&tomatoes=False&apikey=e1e3bf24 HTTP/1.1" 200 None
11/28/2018 11:29:42 PM,ERROR,Sherlock Holmes not in moviesJSON
11/28/2018 11:29:42 PM,DEBUG,Starting new HTTP connection (1): www.omdbapi.com
11/28/2018 11:29:42 PM,DEBUG,http://www.omdbapi.com:80 "GET /?t=Sherlock+Holmes&page=1&plot=short&tomatoes=False&apikey=e1e3bf24 HTTP/1.1" 200 None
11/28/2018 11:29:48 PM,ERROR,Sense and Sensibility not in moviesJSON
11/28/2018 11:29:48 PM,DEBUG,Starting new HTTP connection (1): www.omdbapi.com
11/28/2018 11:29:48 PM,DEBUG,http://www.omdbapi.com:80 "GET /?t=Sense+and+Sensibility&page=1&plot=short&tomatoes=False&apikey=e1e3bf24 HTTP/1.1" 200 None
11/28/2018 11:29:54 PM,ERROR,Titanic not in moviesJSON
11/28/2018 11:29:54 PM,DEBUG,Starting new HTTP connection (1): www.omdbapi.com
11/28/2018 11:29:54 PM,DEBUG,http://www.omdbapi.com:80 "GET /?t=Titanic&page=1&plot=short&tomatoes=False&apikey=e1e3bf24 HTTP/1.1" 200 None
11/28/2018 11:30:04 PM,ERROR,Pride and Prejudice not in moviesJSON
11/28/2018 11:30:04 PM,DEBUG,Starting new HTTP connection (1): www.omdbapi.com
11/28/2018 11:30:05 PM,DEBUG,http://www.omdbapi.com:80 "GET /?t=Pride+and+Prejudice&page=1&plot=short&tomatoes=False&apikey=e1e3bf24 HTTP/1.1" 200 None
11/28/2018 11:30:05 PM,ERROR,Movie Not in Database Pride and Prejudice
11/28/2018 11:30:08 PM,ERROR,Pride and Prejudice not in moviesJSON
11/28/2018 11:30:08 PM,DEBUG,Starting new HTTP connection (1): www.omdbapi.com
11/28/2018 11:30:08 PM,DEBUG,http://www.omdbapi.com:80 "GET /?t=Pride+and+Prejudice&page=1&plot=short&tomatoes=False&apikey=e1e3bf24 HTTP/1.1" 200 None
11/28/2018 11:30:08 PM,ERROR,Movie Not in Database Pride and Prejudice
11/28/2018 11:30:11 PM,ERROR,Pride and Prejudice not in moviesJSON
11/28/2018 11:30:11 PM,DEBUG,Starting new HTTP connection (1): www.omdbapi.com
11/28/2018 11:30:11 PM,DEBUG,http://www.omdbapi.com:80 "GET /?t=Pride+and+Prejudice&page=1&plot=short&tomatoes=False&apikey=e1e3bf24 HTTP/1.1" 200 None
11/28/2018 11:30:11 PM,ERROR,Movie Not in Database Pride and Prejudice
11/28/2018 11:30:21 PM,ERROR,Blade Runner not in moviesJSON
11/28/2018 11:30:21 PM,DEBUG,Starting new HTTP connection (1): www.omdbapi.com
11/28/2018 11:30:21 PM,DEBUG,http://www.omdbapi.com:80 "GET /?t=Blade+Runner&page=1&plot=short&tomatoes=False&apikey=e1e3bf24 HTTP/1.1" 200 None
11/28/2018 11:30:25 PM,ERROR,Pride and Prejudice not in moviesJSON
11/28/2018 11:30:25 PM,DEBUG,Starting new HTTP connection (1): www.omdbapi.com
11/28/2018 11:30:25 PM,DEBUG,http://www.omdbapi.com:80 "GET /?t=Pride+and+Prejudice&page=1&plot=short&tomatoes=False&apikey=e1e3bf24 HTTP/1.1" 200 None
11/28/2018 11:30:25 PM,ERROR,Movie Not in Database Pride and Prejudice
11/28/2018 11:30:26 PM,ERROR,Pride and Prejudice not in moviesJSON
11/28/2018 11:30:26 PM,DEBUG,Starting new HTTP connection (1): www.omdbapi.com
11/28/2018 11:30:26 PM,DEBUG,http://www.omdbapi.com:80 "GET /?t=Pride+and+Prejudice&page=1&plot=short&tomatoes=False&apikey=e1e3bf24 HTTP/1.1" 200 None
11/28/2018 11:30:26 PM,ERROR,Movie Not in Database Pride and Prejudice
11/28/2018 11:30:27 PM,ERROR,Pride and Prejudice not in moviesJSON
11/28/2018 11:30:27 PM,DEBUG,Starting new HTTP connection (1): www.omdbapi.com
11/28/2018 11:30:27 PM,DEBUG,http://www.omdbapi.com:80 "GET /?t=Pride+and+Prejudice&page=1&plot=short&tomatoes=False&apikey=e1e3bf24 HTTP/1.1" 200 None
11/28/2018 11:30:27 PM,ERROR,Movie Not in Database Pride and Prejudice
11/28/2018 11:30:30 PM,ERROR,Emma not in moviesJSON
11/28/2018 11:30:30 PM,DEBUG,Starting new HTTP connection (1): www.omdbapi.com
11/28/2018 11:30:30 PM,DEBUG,http://www.omdbapi.com:80 "GET /?t=Emma&page=1&plot=short&tomatoes=False&apikey=e1e3bf24 HTTP/1.1" 200 None
11/28/2018 11:30:32 PM,ERROR,Emma not in moviesJSON
11/28/2018 11:30:32 PM,DEBUG,Starting new HTTP connection (1): www.omdbapi.com
11/28/2018 11:30:32 PM,DEBUG,http://www.omdbapi.com:80 "GET /?t=Emma&page=1&plot=short&tomatoes=False&apikey=e1e3bf24 HTTP/1.1" 200 None
11/28/2018 11:30:49 PM,ERROR,Sense and Sensibility not in moviesJSON
11/28/2018 11:30:49 PM,DEBUG,Starting new HTTP connection (1): www.omdbapi.com
11/28/2018 11:30:49 PM,DEBUG,http://www.omdbapi.com:80 "GET /?t=Sense+and+Sensibility&page=1&plot=short&tomatoes=False&apikey=e1e3bf24 HTTP/1.1" 200 None
11/28/2018 11:30:54 PM,ERROR,Emma not in moviesJSON
11/28/2018 11:30:54 PM,DEBUG,Starting new HTTP connection (1): www.omdbapi.com
11/28/2018 11:30:54 PM,DEBUG,http://www.omdbapi.com:80 "GET /?t=Emma&page=1&plot=short&tomatoes=False&apikey=e1e3bf24 HTTP/1.1" 200 None
11/28/2018 11:30:58 PM,DEBUG,Starting new HTTP connection (1): www.omdbapi.com
11/28/2018 11:30:58 PM,DEBUG,http://www.omdbapi.com:80 "GET /?t=Avatar&page=1&plot=short&tomatoes=False&apikey=e1e3bf24 HTTP/1.1" 200 None
11/28/2018 11:31:03 PM,ERROR,Emma not in moviesJSON
11/28/2018 11:31:03 PM,DEBUG,Starting new HTTP connection (1): www.omdbapi.com
11/28/2018 11:31:03 PM,DEBUG,http://www.omdbapi.com:80 "GET /?t=Emma&page=1&plot=short&tomatoes=False&apikey=e1e3bf24 HTTP/1.1" 200 None
11/28/2018 11:31:10 PM,ERROR,Sense and Sensibility not in moviesJSON
11/28/2018 11:31:10 PM,DEBUG,Starting new HTTP connection (1): www.omdbapi.com
11/28/2018 11:31:10 PM,DEBUG,http://www.omdbapi.com:80 "GET /?t=Sense+and+Sensibility&page=1&plot=short&tomatoes=False&apikey=e1e3bf24 HTTP/1.1" 200 None
11/28/2018 11:31:15 PM,INFO,Program Terminated
11/28/2018 11:32:00 PM,INFO,Program Starting
11/28/2018 11:32:06 PM,ERROR,Emma not in moviesJSON
11/28/2018 11:32:06 PM,DEBUG,Starting new HTTP connection (1): www.omdbapi.com
11/28/2018 11:32:06 PM,DEBUG,http://www.omdbapi.com:80 "GET /?t=Emma&page=1&plot=short&tomatoes=False&apikey=e1e3bf24 HTTP/1.1" 200 None
11/28/2018 11:33:51 PM,INFO,Program Terminated
11/28/2018 11:39:13 PM,INFO,Program Starting
11/28/2018 11:39:26 PM,ERROR,Avengers not in moviesJSON
11/28/2018 11:39:26 PM,DEBUG,Starting new HTTP connection (1): www.omdbapi.com
11/28/2018 11:39:26 PM,DEBUG,http://www.omdbapi.com:80 "GET /?t=Avengers&page=1&plot=short&tomatoes=False&apikey=e1e3bf24 HTTP/1.1" 200 None
11/28/2018 11:39:26 PM,ERROR,Movie Not in Database Avengers
11/28/2018 11:39:30 PM,ERROR,Avengers not in moviesJSON
11/28/2018 11:39:30 PM,DEBUG,Starting new HTTP connection (1): www.omdbapi.com
11/28/2018 11:39:30 PM,DEBUG,http://www.omdbapi.com:80 "GET /?t=Avengers&page=1&plot=short&tomatoes=False&apikey=e1e3bf24 HTTP/1.1" 200 None
11/28/2018 11:39:30 PM,ERROR,Movie Not in Database Avengers
11/28/2018 11:39:36 PM,DEBUG,Starting new HTTP connection (1): www.omdbapi.com
11/28/2018 11:39:36 PM,DEBUG,http://www.omdbapi.com:80 "GET /?t=Avatar&page=1&plot=short&tomatoes=False&apikey=e1e3bf24 HTTP/1.1" 200 None
11/28/2018 11:39:41 PM,ERROR,Avengers not in moviesJSON
11/28/2018 11:39:41 PM,DEBUG,Starting new HTTP connection (1): www.omdbapi.com
11/28/2018 11:39:41 PM,DEBUG,http://www.omdbapi.com:80 "GET /?t=Avengers&page=1&plot=short&tomatoes=False&apikey=e1e3bf24 HTTP/1.1" 200 None
11/28/2018 11:39:41 PM,ERROR,Movie Not in Database Avengers
11/28/2018 11:39:48 PM,DEBUG,Starting new HTTP connection (1): www.omdbapi.com
11/28/2018 11:39:48 PM,DEBUG,http://www.omdbapi.com:80 "GET /?t=Iron+Man&page=1&plot=short&tomatoes=False&apikey=e1e3bf24 HTTP/1.1" 200 None
11/28/2018 11:39:58 PM,ERROR,Winnie the Pooh not in moviesJSON
11/28/2018 11:39:58 PM,DEBUG,Starting new HTTP connection (1): www.omdbapi.com
11/28/2018 11:39:58 PM,DEBUG,http://www.omdbapi.com:80 "GET /?t=Winnie+the+Pooh&page=1&plot=short&tomatoes=False&apikey=e1e3bf24 HTTP/1.1" 200 None
11/28/2018 11:40:02 PM,ERROR,Avengers not in moviesJSON
11/28/2018 11:40:02 PM,DEBUG,Starting new HTTP connection (1): www.omdbapi.com
11/28/2018 11:40:02 PM,DEBUG,http://www.omdbapi.com:80 "GET /?t=Avengers&page=1&plot=short&tomatoes=False&apikey=e1e3bf24 HTTP/1.1" 200 None
11/28/2018 11:40:03 PM,ERROR,Movie Not in Database Avengers
11/28/2018 11:40:08 PM,ERROR,Avangers not in moviesJSON
11/28/2018 11:40:08 PM,DEBUG,Starting new HTTP connection (1): www.omdbapi.com
11/28/2018 11:40:08 PM,DEBUG,http://www.omdbapi.com:80 "GET /?t=Avangers&page=1&plot=short&tomatoes=False&apikey=e1e3bf24 HTTP/1.1" 200 47
11/28/2018 11:40:08 PM,ERROR,Movie Not in Database Avangers
11/28/2018 11:40:13 PM,ERROR,Titanic not in moviesJSON
11/28/2018 11:40:13 PM,DEBUG,Starting new HTTP connection (1): www.omdbapi.com
11/28/2018 11:40:13 PM,DEBUG,http://www.omdbapi.com:80 "GET /?t=Titanic&page=1&plot=short&tomatoes=False&apikey=e1e3bf24 HTTP/1.1" 200 None
11/28/2018 11:40:18 PM,ERROR,Star Wars not in moviesJSON
11/28/2018 11:40:18 PM,DEBUG,Starting new HTTP connection (1): www.omdbapi.com
11/28/2018 11:40:18 PM,DEBUG,http://www.omdbapi.com:80 "GET /?t=Star+Wars&page=1&plot=short&tomatoes=False&apikey=e1e3bf24 HTTP/1.1" 200 None
11/28/2018 11:40:25 PM,INFO,Program Terminated
